2026-07-08 11:26:05,988 INFO [app] AI Resume Builder & Tracker started
2026-07-08 11:26:31,147 INFO [app] Home page requested
2026-07-08 11:26:31,487 WARNING [app] HTTP error 404: The requested URL was not found on the server. If you entered the URL manually please check your spelling and try again.
2026-07-08 11:28:02,154 INFO [app] Home page requested
2026-07-08 11:28:02,434 WARNING [app] HTTP error 404: The requested URL was not found on the server. If you entered the URL manually please check your spelling and try again.
2026-07-08 11:47:37,798 INFO [app] AI Resume Builder & Tracker started
2026-07-08 11:48:20,804 INFO [app] Home page requested
2026-07-08 11:49:24,801 INFO [app] Home page requested
2026-07-08 11:49:27,478 INFO [app] Home page requested
2026-07-08 11:49:33,094 INFO [app] Home page requested
2026-07-08 11:49:45,539 INFO [app] Home page requested
2026-07-08 11:49:46,995 INFO [app] Home page requested
2026-07-08 11:49:47,919 INFO [app] Home page requested
2026-07-08 11:59:11,173 INFO [app] AI Resume Builder & Tracker started
2026-07-08 11:59:13,431 INFO [app] Home page requested
2026-07-08 11:59:18,368 INFO [app] Home page requested
2026-07-08 11:59:19,884 INFO [app] Home page requested
2026-07-08 17:00:53,830 INFO [app] AI Resume Builder & Tracker started
2026-07-08 17:00:57,803 INFO [app] Home page requested
2026-07-08 17:01:08,566 INFO [app] Home page requested
2026-07-08 17:09:29,670 INFO [app] AI Resume Builder & Tracker started
2026-07-08 17:09:38,973 INFO [app] Home page requested
2026-07-08 17:10:10,467 INFO [app] Resume template uploaded: Abhi_Vignesh_CV.docx-9ea65659.pdf
2026-07-08 17:10:35,471 INFO [app] Resume template uploaded: Abhi_Vignesh_CV-acb343b8.docx
2026-07-08 17:11:44,373 INFO [app] AI Resume Builder & Tracker started
2026-07-08 17:11:49,147 INFO [app] Home page requested
2026-07-08 17:11:59,801 INFO [app] Home page requested
2026-07-08 17:12:05,439 INFO [app] Home page requested
2026-07-20 11:19:31,660 INFO [app] AI Resume Builder & Tracker started
2026-07-20 11:22:41,900 INFO [app] Home page requested
2026-07-20 11:22:42,340 WARNING [app] HTTP error 404: The requested URL was not found on the server. If you entered the URL manually please check your spelling and try again.
2026-07-20 11:47:08,468 INFO [app] AI Resume Builder & Tracker started
2026-07-20 11:47:38,212 INFO [app] AI Resume Builder & Tracker started
2026-07-20 11:47:38,440 INFO [app] Resume uploaded and text extracted: test_resume-69c506e3.docx
2026-07-20 11:47:38,483 INFO [app] Resume uploaded and text extracted: test_resume-9b41d008.pdf
2026-07-20 11:50:31,219 INFO [app] AI Resume Builder & Tracker started
2026-07-20 11:52:09,116 INFO [app] Home page requested
